<?xml version="1.0" encoding="UTF-8"?>
<!-- Generated by org.testng.reporters.JUnitXMLReporter -->
<testsuite ignored="0" hostname="DESKTOP-J9SFK6I" failures="0" tests="3" name="Test" time="6.121" errors="0" timestamp="2022-12-29T16:38:07 ICT">
  <testcase classname="technopanda.automate.VerifySorting" name="verify_welcome_title" time="0.018"/>
  <testcase classname="technopanda.automate.VerifySorting" name="verify_mobile_title" time="1.311"/>
  <testcase classname="technopanda.automate.VerifySorting" name="verify_item_sorted_by_name" time="1.924"/>
</testsuite> <!-- Test -->
